<?xml version="1.0" encoding="UTF-8"?>
<!-- Generated by org.testng.reporters.JUnitReportReporter -->
<testsuite skipped="0" hostname="01HW446289" name="org.seleniumhq.selenium.org.TestNG.Popup_Naveen" tests="2" failures="0" timestamp="28 May 2019 09:26:41 GMT" time="37.467" errors="0">
  <testcase name="ChildWindow2" time="12.266" classname="org.seleniumhq.selenium.org.TestNG.Popup_Naveen"/>
  <testcase name="ChildWindow" time="25.201" classname="org.seleniumhq.selenium.org.TestNG.Popup_Naveen"/>
</testsuite> <!-- org.seleniumhq.selenium.org.TestNG.Popup_Naveen -->
