<?xml version="1.0" encoding="UTF-8"?>
<!-- Generated by org.testng.reporters.JUnitReportReporter -->
<testsuite skipped="0" hostname="01HW446289" name="org.seleniumhq.selenium.org.TestNG.Date_Picker" tests="1" failures="0" timestamp="30 May 2019 08:39:06 GMT" time="36.022" errors="0">
  <testcase name="Choose_Date" time="36.022" classname="org.seleniumhq.selenium.org.TestNG.Date_Picker"/>
</testsuite> <!-- org.seleniumhq.selenium.org.TestNG.Date_Picker -->
