<?xml version="1.0" encoding="UTF-8"?>
<!-- Generated by org.testng.reporters.JUnitReportReporter -->
<testsuite skipped="0" hostname="01HW446289" name="org.seleniumhq.selenium.org.TestNG.GoodPopups" tests="1" failures="0" timestamp="29 May 2019 09:54:50 GMT" time="15.537" errors="0">
  <testcase name="Handle_PopUp" time="15.537" classname="org.seleniumhq.selenium.org.TestNG.GoodPopups"/>
</testsuite> <!-- org.seleniumhq.selenium.org.TestNG.GoodPopups -->
