<?xml version="1.0" encoding="UTF-8"?>
<!-- Generated by org.testng.reporters.JUnitReportReporter -->
<testsuite skipped="0" hostname="01HW446289" name="org.seleniumhq.selenium.org.TestNG.Date_Picker_Gen" tests="1" failures="0" timestamp="31 May 2019 04:56:55 GMT" time="38.195" errors="0">
  <testcase name="Choose_Date" time="38.195" classname="org.seleniumhq.selenium.org.TestNG.Date_Picker_Gen"/>
</testsuite> <!-- org.seleniumhq.selenium.org.TestNG.Date_Picker_Gen -->
