<?xml version="1.0" encoding="UTF-8"?>
<!-- Generated by org.testng.reporters.JUnitReportReporter -->
<testsuite skipped="0" hostname="01HW446289" name="org.seleniumhq.selenium.org.TestNG.DropDowns" tests="1" failures="0" timestamp="29 May 2019 05:14:59 GMT" time="22.301" errors="0">
  <testcase name="Drop" time="22.301" classname="org.seleniumhq.selenium.org.TestNG.DropDowns"/>
</testsuite> <!-- org.seleniumhq.selenium.org.TestNG.DropDowns -->
